<?xml version="1.0" encoding="UTF-8"?>
<!-- Generated by org.testng.reporters.JUnitReportReporter -->
<testsuite skipped="0" hostname="TDL08141151" name="com.shopAmazon.orderMandatoryFieldCheck" tests="1" failures="0" timestamp="11 Sep 2018 18:57:59 GMT" time="0.013" errors="0">
  <testcase name="orderEmailCheck" time="0.013" classname="com.shopAmazon.orderMandatoryFieldCheck"/>
</testsuite> <!-- com.shopAmazon.orderMandatoryFieldCheck -->
