<?xml version="1.0" encoding="UTF-8"?>
<!-- Generated by org.testng.reporters.JUnitReportReporter -->
<testsuite skipped="0" hostname="TDL08141151" name="ca.shopAmazon.ProcessOrderTests" tests="1" failures="0" timestamp="17 Sep 2018 04:23:33 GMT" time="11.964" errors="0">
  <testcase name="orderEmailCheck" time="11.964" classname="ca.shopAmazon.ProcessOrderTests"/>
</testsuite> <!-- ca.shopAmazon.ProcessOrderTests -->
